0 info it worked if it ends with ok
1 verbose cli [ '/usr/local/bin/node', '/usr/local/bin/npm', 'run', 'dev' ]
2 info using npm@3.10.9
3 info using node@v6.9.2
4 verbose run-script [ 'predev', 'dev', 'postdev' ]
5 info lifecycle dorm-supplies-frontend@0.0.0~predev: dorm-supplies-frontend@0.0.0
6 silly lifecycle dorm-supplies-frontend@0.0.0~predev: no script for predev, continuing
7 info lifecycle dorm-supplies-frontend@0.0.0~dev: dorm-supplies-frontend@0.0.0
8 verbose lifecycle dorm-supplies-frontend@0.0.0~dev: unsafe-perm in lifecycle true
9 verbose lifecycle dorm-supplies-frontend@0.0.0~dev: PATH: /usr/local/lib/node_modules/npm/bin/node-gyp-bin:/Users/jordan/.code/git/bootcamp/class/dorm-supplies/frontend/node_modules/.bin:/usr/bin:/bin:/usr/sbin:/sbin:/usr/local/bin:/Library/TeX/texbin:/usr/local/ec2/ec2-api-tools-1.7.5.1/bin
10 verbose lifecycle dorm-supplies-frontend@0.0.0~dev: CWD: /Users/jordan/.code/git/bootcamp/class/dorm-supplies/frontend
11 silly lifecycle dorm-supplies-frontend@0.0.0~dev: Args: [ '-c', 'grunt & node dorm-supplies-frontend.js' ]
12 silly lifecycle dorm-supplies-frontend@0.0.0~dev: Returned: code: 1  signal: null
13 info lifecycle dorm-supplies-frontend@0.0.0~dev: Failed to exec dev script
14 verbose stack Error: dorm-supplies-frontend@0.0.0 dev: `grunt & node dorm-supplies-frontend.js`
14 verbose stack Exit status 1
14 verbose stack     at EventEmitter.<anonymous> (/usr/local/lib/node_modules/npm/lib/utils/lifecycle.js:255:16)
14 verbose stack     at emitTwo (events.js:106:13)
14 verbose stack     at EventEmitter.emit (events.js:191:7)
14 verbose stack     at ChildProcess.<anonymous> (/usr/local/lib/node_modules/npm/lib/utils/spawn.js:40:14)
14 verbose stack     at emitTwo (events.js:106:13)
14 verbose stack     at ChildProcess.emit (events.js:191:7)
14 verbose stack     at maybeClose (internal/child_process.js:877:16)
14 verbose stack     at Process.ChildProcess._handle.onexit (internal/child_process.js:226:5)
15 verbose pkgid dorm-supplies-frontend@0.0.0
16 verbose cwd /Users/jordan/.code/git/bootcamp/class/dorm-supplies/frontend/app/views
17 error Darwin 15.6.0
18 error argv "/usr/local/bin/node" "/usr/local/bin/npm" "run" "dev"
19 error node v6.9.2
20 error npm  v3.10.9
21 error code ELIFECYCLE
22 error dorm-supplies-frontend@0.0.0 dev: `grunt & node dorm-supplies-frontend.js`
22 error Exit status 1
23 error Failed at the dorm-supplies-frontend@0.0.0 dev script 'grunt & node dorm-supplies-frontend.js'.
23 error Make sure you have the latest version of node.js and npm installed.
23 error If you do, this is most likely a problem with the dorm-supplies-frontend package,
23 error not with npm itself.
23 error Tell the author that this fails on your system:
23 error     grunt & node dorm-supplies-frontend.js
23 error You can get information on how to open an issue for this project with:
23 error     npm bugs dorm-supplies-frontend
23 error Or if that isn't available, you can get their info via:
23 error     npm owner ls dorm-supplies-frontend
23 error There is likely additional logging output above.
24 verbose exit [ 1, true ]
